<?xml version="1.0" encoding="UTF-8"?>
<testsuite name="com.directwriting.ime.KeyboardHeightCalculatorTest" tests="5" skipped="0" failures="0" errors="0" timestamp="2026-03-08T10:17:11.906Z" hostname="HYUNJUN-IDEAPAD" time="0.002">
  <properties/>
  <testcase name="calculate_sameInputProducesSameResult" classname="com.directwriting.ime.KeyboardHeightCalculatorTest" time="0.001"/>
  <testcase name="calculate_clampsToMaxHeight" classname="com.directwriting.ime.KeyboardHeightCalculatorTest" time="0.0"/>
  <testcase name="calculate_quickBarHidden_redistributesIntoMainRows" classname="com.directwriting.ime.KeyboardHeightCalculatorTest" time="0.0"/>
  <testcase name="calculate_clampsToMinHeight" classname="com.directwriting.ime.KeyboardHeightCalculatorTest" time="0.0"/>
  <testcase name="calculate_quickBarAndNumberRowVisible_usesPortraitRatioAndKeepsTargetTotal" classname="com.directwriting.ime.KeyboardHeightCalculatorTest" time="0.001"/>
  <system-out><![CDATA[]]></system-out>
  <system-err><![CDATA[]]></system-err>
</testsuite>
