<?xml version="1.0" encoding="UTF-8"?>
<testsuite name="com.directwriting.ime.HangulComposerImplTest" tests="6" skipped="0" failures="0" errors="0" timestamp="2026-03-08T12:59:28.177Z" hostname="HYUNJUN-IDEAPAD" time="0.008">
  <properties/>
  <testcase name="composeFinalConsonant_giyeokAgiyeok_equalsGak" classname="com.directwriting.ime.HangulComposerImplTest" time="0.006"/>
  <testcase name="splitCompoundFinalOnVowel_inputGaksA_commitsGakAndComposesSa" classname="com.directwriting.ime.HangulComposerImplTest" time="0.0"/>
  <testcase name="composeBasicSyllable_giyeokA_equalsGa" classname="com.directwriting.ime.HangulComposerImplTest" time="0.0"/>
  <testcase name="backspaceDecomposesStepByStep" classname="com.directwriting.ime.HangulComposerImplTest" time="0.001"/>
  <testcase name="composeCompoundVowel_giyeokOa_equalsGwa" classname="com.directwriting.ime.HangulComposerImplTest" time="0.0"/>
  <testcase name="splitFinalOnVowel_inputGakA_commitsGaAndComposesGa" classname="com.directwriting.ime.HangulComposerImplTest" time="0.0"/>
  <system-out><![CDATA[]]></system-out>
  <system-err><![CDATA[]]></system-err>
</testsuite>
