<?xml version="1.0" encoding="UTF-8"?>
<testsuite name="com.directwriting.ime.KeyActionMapperTest" tests="3" skipped="0" failures="0" errors="0" timestamp="2026-03-08T12:59:28.191Z" hostname="HYUNJUN-IDEAPAD" time="0.002">
  <properties/>
  <testcase name="mapById_keySpaceRight_mapsToSpaceAction" classname="com.directwriting.ime.KeyActionMapperTest" time="0.001"/>
  <testcase name="mapById_btnEraserTool_mapsToEraserToolAction" classname="com.directwriting.ime.KeyActionMapperTest" time="0.001"/>
  <testcase name="mapById_btnPenTool_mapsToPenToolAction" classname="com.directwriting.ime.KeyActionMapperTest" time="0.0"/>
  <system-out><![CDATA[]]></system-out>
  <system-err><![CDATA[]]></system-err>
</testsuite>
