<?xml version="1.0" encoding="UTF-8"?>
<testsuite name="com.directwriting.ime.ImePreferencesTest" tests="3" skipped="0" failures="0" errors="0" timestamp="2026-03-08T12:59:28.187Z" hostname="HYUNJUN-IDEAPAD" time="0.001">
  <properties/>
  <testcase name="clampPenThickness_keepsValueInRange" classname="com.directwriting.ime.ImePreferencesTest" time="0.0"/>
  <testcase name="normalizeEraserMode_unknownFallsBackToStroke" classname="com.directwriting.ime.ImePreferencesTest" time="0.001"/>
  <testcase name="clampEraserSize_keepsValueInRange" classname="com.directwriting.ime.ImePreferencesTest" time="0.0"/>
  <system-out><![CDATA[]]></system-out>
  <system-err><![CDATA[]]></system-err>
</testsuite>
