<?xml version="1.0" encoding="UTF-8"?>
<testsuite name="com.directwriting.ime.KeyboardStateMachineTest" tests="8" skipped="0" failures="0" errors="0" timestamp="2026-03-08T12:59:28.203Z" hostname="HYUNJUN-IDEAPAD" time="0.003">
  <properties/>
  <testcase name="shiftDoubleTap_enablesCapsLock" classname="com.directwriting.ime.KeyboardStateMachineTest" time="0.001"/>
  <testcase name="quickBarAndNumberRow_toggleIndependently" classname="com.directwriting.ime.KeyboardStateMachineTest" time="0.001"/>
  <testcase name="resetForNewInput_setsKeyboardAlphaShiftOff" classname="com.directwriting.ime.KeyboardStateMachineTest" time="0.0"/>
  <testcase name="shiftInSymbolLayout_togglesSymbolPageState" classname="com.directwriting.ime.KeyboardStateMachineTest" time="0.0"/>
  <testcase name="defaultState_isKeyboardKoAlphaShiftOff" classname="com.directwriting.ime.KeyboardStateMachineTest" time="0.0"/>
  <testcase name="toggleMode_switchesKeyboardAndHandwriting" classname="com.directwriting.ime.KeyboardStateMachineTest" time="0.0"/>
  <testcase name="toggleLanguage_resetsLayoutAndShift" classname="com.directwriting.ime.KeyboardStateMachineTest" time="0.001"/>
  <testcase name="consumeSingleShift_turnsOneshotShiftOff" classname="com.directwriting.ime.KeyboardStateMachineTest" time="0.0"/>
  <system-out><![CDATA[]]></system-out>
  <system-err><![CDATA[]]></system-err>
</testsuite>
